<?xml version="1.0" encoding="UTF-8"?>
<!-- Generated by org.testng.reporters.JUnitXMLReporter -->
<testsuite ignored="2" hostname="Ryota" failures="0" tests="2" name="Default test" time="2.977" errors="0" timestamp="2024-10-22T19:34:00 AST">
  <testcase classname="myTestCases" name="addSecondRowItems" time="0.203"/>
  <testcase classname="myTestCases" name="goToCart" time="1.071"/>
  <testcase classname="myTestCases" name="higherAmount" time="0.0">
    <ignored/>
  </testcase> <!-- higherAmount -->
  <testcase classname="myTestCases" name="addAllItemsHomePage" time="0.0">
    <ignored/>
  </testcase> <!-- addAllItemsHomePage -->
</testsuite> <!-- Default test -->
