<?xml version="1.0" encoding="UTF-8"?>
<testng-results ignored="2" total="4" passed="2" failed="0" skipped="0">
  <reporter-output>
  </reporter-output>
  <suite started-at="2024-10-22T19:33:57 AST" name="Default suite" finished-at="2024-10-22T19:34:00 AST" duration-ms="2977">
    <groups>
    </groups>
    <test started-at="2024-10-22T19:33:57 AST" name="Default test" finished-at="2024-10-22T19:34:00 AST" duration-ms="2977">
      <class name="myTestCases">
        <test-method is-config="true" signature="mySetup()[pri:0, instance:myTestCases@1e044120]" started-at="2024-10-22T19:33:57 AST" name="mySetup" finished-at="2024-10-22T19:33:59 AST" duration-ms="1677" status="PASS">
          <reporter-output>
          </reporter-output>
        </test-method> <!-- mySetup -->
        <test-method signature="addSecondRowItems()[pri:3, instance:myTestCases@1e044120]" started-at="2024-10-22T19:33:59 AST" name="addSecondRowItems" finished-at="2024-10-22T19:33:59 AST" duration-ms="203" status="PASS">
          <reporter-output>
          </reporter-output>
        </test-method> <!-- addSecondRowItems -->
        <test-method signature="goToCart()[pri:4, instance:myTestCases@1e044120]" started-at="2024-10-22T19:33:59 AST" name="goToCart" finished-at="2024-10-22T19:34:00 AST" duration-ms="1071" status="PASS">
          <reporter-output>
          </reporter-output>
        </test-method> <!-- goToCart -->
      </class> <!-- myTestCases -->
    </test> <!-- Default test -->
  </suite> <!-- Default suite -->
</testng-results>
